# JRE version: OpenJDK Runtime Environment GraalVM CE 22.3.0 (17.0.5+8) (build 17.0.5+8-jvmci-22.3-b08)
# Java VM: OpenJDK 64-Bit Server VM GraalVM CE 22.3.0 (17.0.5+8-jvmci-22.3-b08, mixed mode, sharing, tiered, jvmci, jvmci compiler, compressed oops, compressed class ptrs, parallel gc, linux-amd64)
GC Precious Log:
 CPUs: 8 total, 1 available
 Memory: 1024M
 Large Page Support: Disabled
 NUMA Support: Disabled
 Compressed Oops: Enabled (32-bit)
 Alignments: Space 512K, Generation 512K, Heap 2M
 Heap Min Capacity: 100M
 Heap Initial Capacity: 100M
 Heap Max Capacity: 512M
 Pre-touch: Disabled
 Parallel Workers: 1
Heap:
 PSYoungGen      total 53760K, used 38912K [0x00000000f5580000, 0x00000000f9a00000, 0x0000000100000000)
  eden space 38912K, 100% used [0x00000000f5580000,0x00000000f7b80000,0x00000000f7b80000)
  from space 14848K, 0% used [0x00000000f7b80000,0x00000000f7b80000,0x00000000f8a00000)
  to   space 14336K, 0% used [0x00000000f8a00000,0x00000000f8a00000,0x00000000f9800000)
 ParOldGen       total 349696K, used 349695K [0x00000000e0000000, 0x00000000f5580000, 0x00000000f5580000)
  object space 349696K, 99% used [0x00000000e0000000,0x00000000f557fe58,0x00000000f5580000)
 Metaspace       used 62428K, committed 63680K, reserved 1114112K
  class space    used 6121K, committed 6592K, reserved 1048576K
GC Heap History (20 events):
Event: 364.721 GC heap before
{Heap before GC invocations=329 (full 178):
 PSYoungGen      total 53760K, used 38912K [0x00000000f5580000, 0x00000000f9a00000, 0x0000000100000000)
  eden space 38912K, 100% used [0x00000000f5580000,0x00000000f7b80000,0x00000000f7b80000)
  from space 14848K, 0% used [0x00000000f7b80000,0x00000000f7b80000,0x00000000f8a00000)
  to   space 14336K, 0% used [0x00000000f8a00000,0x00000000f8a00000,0x00000000f9800000)
 ParOldGen       total 349696K, used 349695K [0x00000000e0000000, 0x00000000f5580000, 0x00000000f5580000)
  object space 349696K, 99% used [0x00000000e0000000,0x00000000f557ffc8,0x00000000f5580000)
 Metaspace       used 62424K, committed 63616K, reserved 1114112K
  class space    used 6121K, committed 6592K, reserved 1048576K
}
Event: 366.218 GC heap after
{Heap after GC invocations=329 (full 178):
 PSYoungGen      total 53248K, used 38912K [0x00000000f5580000, 0x00000000f9a00000, 0x0000000100000000)
  eden space 38912K, 100% used [0x00000000f5580000,0x00000000f7b80000,0x00000000f7b80000)
  from space 14336K, 0% used [0x00000000f8a00000,0x00000000f8a00000,0x00000000f9800000)
  to   space 14848K, 0% used [0x00000000f7b80000,0x00000000f7b80000,0x00000000f8a00000)
 ParOldGen       total 349696K, used 349695K [0x00000000e0000000, 0x00000000f5580000, 0x00000000f5580000)
  object space 349696K, 99% used [0x00000000e0000000,0x00000000f557fd00,0x00000000f5580000)
 Metaspace       used 62424K, committed 63616K, reserved 1114112K
  class space    used 6121K, committed 6592K, reserved 1048576K
}
Event: 366.266 GC heap before
{Heap before GC invocations=330 (full 179):
 PSYoungGen      total 53248K, used 38912K [0x00000000f5580000, 0x00000000f9a00000, 0x0000000100000000)
  eden space 38912K, 100% used [0x00000000f5580000,0x00000000f7b80000,0x00000000f7b80000)
  from space 14336K, 0% used [0x00000000f8a00000,0x00000000f8a00000,0x00000000f9800000)
  to   space 14848K, 0% used [0x00000000f7b80000,0x00000000f7b80000,0x00000000f8a00000)
 ParOldGen       total 349696K, used 349695K [0x00000000e0000000, 0x00000000f5580000, 0x00000000f5580000)
  object space 349696K, 99% used [0x00000000e0000000,0x00000000f557ff28,0x00000000f5580000)
 Metaspace       used 62424K, committed 63616K, reserved 1114112K
  class space    used 6121K, committed 6592K, reserved 1048576K
}
Event: 367.614 GC heap after
{Heap after GC invocations=330 (full 179):
 PSYoungGen      total 53760K, used 38911K [0x00000000f5580000, 0x00000000f9a00000, 0x0000000100000000)
  eden space 38912K, 99% used [0x00000000f5580000,0x00000000f7b7ffb8,0x00000000f7b80000)
  from space 14848K, 0% used [0x00000000f7b80000,0x00000000f7b80000,0x00000000f8a00000)
  to   space 14336K, 0% used [0x00000000f8a00000,0x00000000f8a00000,0x00000000f9800000)
 ParOldGen       total 349696K, used 349695K [0x00000000e0000000, 0x00000000f5580000, 0x00000000f5580000)
  object space 349696K, 99% used [0x00000000e0000000,0x00000000f557fd18,0x00000000f5580000)
 Metaspace       used 62424K, committed 63616K, reserved 1114112K
  class space    used 6121K, committed 6592K, reserved 1048576K
}
Event: 367.614 GC heap before
{Heap before GC invocations=331 (full 180):
 PSYoungGen      total 53760K, used 38911K [0x00000000f5580000, 0x00000000f9a00000, 0x0000000100000000)
  eden space 38912K, 99% used [0x00000000f5580000,0x00000000f7b7fff0,0x00000000f7b80000)
  from space 14848K, 0% used [0x00000000f7b80000,0x00000000f7b80000,0x00000000f8a00000)
  to   space 14336K, 0% used [0x00000000f8a00000,0x00000000f8a00000,0x00000000f9800000)
 ParOldGen       total 349696K, used 349695K [0x00000000e0000000, 0x00000000f5580000, 0x00000000f5580000)
  object space 349696K, 99% used [0x00000000e0000000,0x00000000f557fd18,0x00000000f5580000)
 Metaspace       used 62424K, committed 63616K, reserved 1114112K
  class space    used 6121K, committed 6592K, reserved 1048576K
}
Event: 369.113 GC heap after
{Heap after GC invocations=331 (full 180):
 PSYoungGen      total 53248K, used 38911K [0x00000000f5580000, 0x00000000f9a00000, 0x0000000100000000)
  eden space 38912K, 99% used [0x00000000f5580000,0x00000000f7b7fff0,0x00000000f7b80000)
  from space 14336K, 0% used [0x00000000f8a00000,0x00000000f8a00000,0x00000000f9800000)
  to   space 14848K, 0% used [0x00000000f7b80000,0x00000000f7b80000,0x00000000f8a00000)
 ParOldGen       total 349696K, used 349695K [0x00000000e0000000, 0x00000000f5580000, 0x00000000f5580000)
  object space 349696K, 99% used [0x00000000e0000000,0x00000000f557fd18,0x00000000f5580000)
 Metaspace       used 62424K, committed 63616K, reserved 1114112K
  class space    used 6121K, committed 6592K, reserved 1048576K
}
Event: 369.113 GC heap before
{Heap before GC invocations=332 (full 181):
 PSYoungGen      total 53248K, used 38912K [0x00000000f5580000, 0x00000000f9a00000, 0x0000000100000000)
  eden space 38912K, 100% used [0x00000000f5580000,0x00000000f7b80000,0x00000000f7b80000)
  from space 14336K, 0% used [0x00000000f8a00000,0x00000000f8a00000,0x00000000f9800000)
  to   space 14848K, 0% used [0x00000000f7b80000,0x00000000f7b80000,0x00000000f8a00000)
 ParOldGen       total 349696K, used 349695K [0x00000000e0000000, 0x00000000f5580000, 0x00000000f5580000)
  object space 349696K, 99% used [0x00000000e0000000,0x00000000f557ffd0,0x00000000f5580000)
 Metaspace       used 62424K, committed 63616K, reserved 1114112K
  class space    used 6121K, committed 6592K, reserved 1048576K
}
Event: 370.515 GC heap after
{Heap after GC invocations=332 (full 181):
 PSYoungGen      total 53760K, used 38911K [0x00000000f5580000, 0x00000000f9a00000, 0x0000000100000000)
  eden space 38912K, 99% used [0x00000000f5580000,0x00000000f7b7ffe8,0x00000000f7b80000)
  from space 14848K, 0% used [0x00000000f7b80000,0x00000000f7b80000,0x00000000f8a00000)
  to   space 14336K, 0% used [0x00000000f8a00000,0x00000000f8a00000,0x00000000f9800000)
 ParOldGen       total 349696K, used 349695K [0x00000000e0000000, 0x00000000f5580000, 0x00000000f5580000)
  object space 349696K, 99% used [0x00000000e0000000,0x00000000f557fee8,0x00000000f5580000)
 Metaspace       used 62424K, committed 63616K, reserved 1114112K
  class space    used 6121K, committed 6592K, reserved 1048576K
}
Event: 370.515 GC heap before
{Heap before GC invocations=333 (full 182):
 PSYoungGen      total 53760K, used 38912K [0x00000000f5580000, 0x00000000f9a00000, 0x0000000100000000)
  eden space 38912K, 100% used [0x00000000f5580000,0x00000000f7b80000,0x00000000f7b80000)
  from space 14848K, 0% used [0x00000000f7b80000,0x00000000f7b80000,0x00000000f8a00000)
  to   space 14336K, 0% used [0x00000000f8a00000,0x00000000f8a00000,0x00000000f9800000)
 ParOldGen       total 349696K, used 349695K [0x00000000e0000000, 0x00000000f5580000, 0x00000000f5580000)
  object space 349696K, 99% used [0x00000000e0000000,0x00000000f557ff30,0x00000000f5580000)
 Metaspace       used 62426K, committed 63680K, reserved 1114112K
  class space    used 6121K, committed 6592K, reserved 1048576K
}
Event: 372.055 GC heap after
{Heap after GC invocations=333 (full 182):
 PSYoungGen      total 53248K, used 38912K [0x00000000f5580000, 0x00000000f9a00000, 0x0000000100000000)
  eden space 38912K, 100% used [0x00000000f5580000,0x00000000f7b80000,0x00000000f7b80000)
  from space 14336K, 0% used [0x00000000f8a00000,0x00000000f8a00000,0x00000000f9800000)
  to   space 14848K, 0% used [0x00000000f7b80000,0x00000000f7b80000,0x00000000f8a00000)
 ParOldGen       total 349696K, used 349695K [0x00000000e0000000, 0x00000000f5580000, 0x00000000f5580000)
  object space 349696K, 99% used [0x00000000e0000000,0x00000000f557fed0,0x00000000f5580000)
 Metaspace       used 62426K, committed 63680K, reserved 1114112K
  class space    used 6121K, committed 6592K, reserved 1048576K
}
Event: 372.055 GC heap before
{Heap before GC invocations=334 (full 183):
 PSYoungGen      total 53248K, used 38912K [0x00000000f5580000, 0x00000000f9a00000, 0x0000000100000000)
  eden space 38912K, 100% used [0x00000000f5580000,0x00000000f7b80000,0x00000000f7b80000)
  from space 14336K, 0% used [0x00000000f8a00000,0x00000000f8a00000,0x00000000f9800000)
  to   space 14848K, 0% used [0x00000000f7b80000,0x00000000f7b80000,0x00000000f8a00000)
 ParOldGen       total 349696K, used 349695K [0x00000000e0000000, 0x00000000f5580000, 0x00000000f5580000)
  object space 349696K, 99% used [0x00000000e0000000,0x00000000f557fed0,0x00000000f5580000)
 Metaspace       used 62426K, committed 63680K, reserved 1114112K
  class space    used 6121K, committed 6592K, reserved 1048576K
}
Event: 373.588 GC heap after
{Heap after GC invocations=334 (full 183):
 PSYoungGen      total 53760K, used 38912K [0x00000000f5580000, 0x00000000f9a00000, 0x0000000100000000)
  eden space 38912K, 100% used [0x00000000f5580000,0x00000000f7b80000,0x00000000f7b80000)
  from space 14848K, 0% used [0x00000000f7b80000,0x00000000f7b80000,0x00000000f8a00000)
  to   space 14336K, 0% used [0x00000000f8a00000,0x00000000f8a00000,0x00000000f9800000)
 ParOldGen       total 349696K, used 349695K [0x00000000e0000000, 0x00000000f5580000, 0x00000000f5580000)
  object space 349696K, 99% used [0x00000000e0000000,0x00000000f557fed0,0x00000000f5580000)
 Metaspace       used 62426K, committed 63680K, reserved 1114112K
  class space    used 6121K, committed 6592K, reserved 1048576K
}
Event: 373.589 GC heap before
{Heap before GC invocations=335 (full 184):
 PSYoungGen      total 53760K, used 38912K [0x00000000f5580000, 0x00000000f9a00000, 0x0000000100000000)
  eden space 38912K, 100% used [0x00000000f5580000,0x00000000f7b80000,0x00000000f7b80000)
  from space 14848K, 0% used [0x00000000f7b80000,0x00000000f7b80000,0x00000000f8a00000)
  to   space 14336K, 0% used [0x00000000f8a00000,0x00000000f8a00000,0x00000000f9800000)
 ParOldGen       total 349696K, used 349695K [0x00000000e0000000, 0x00000000f5580000, 0x00000000f5580000)
  object space 349696K, 99% used [0x00000000e0000000,0x00000000f557fed0,0x00000000f5580000)
 Metaspace       used 62428K, committed 63680K, reserved 1114112K
  class space    used 6121K, committed 6592K, reserved 1048576K
}
Event: 375.092 GC heap after
{Heap after GC invocations=335 (full 184):
 PSYoungGen      total 53248K, used 38912K [0x00000000f5580000, 0x00000000f9a00000, 0x0000000100000000)
  eden space 38912K, 100% used [0x00000000f5580000,0x00000000f7b80000,0x00000000f7b80000)
  from space 14336K, 0% used [0x00000000f8a00000,0x00000000f8a00000,0x00000000f9800000)
  to   space 14848K, 0% used [0x00000000f7b80000,0x00000000f7b80000,0x00000000f8a00000)
 ParOldGen       total 349696K, used 349695K [0x00000000e0000000, 0x00000000f5580000, 0x00000000f5580000)
  object space 349696K, 99% used [0x00000000e0000000,0x00000000f557fc00,0x00000000f5580000)
 Metaspace       used 62428K, committed 63680K, reserved 1114112K
  class space    used 6121K, committed 6592K, reserved 1048576K
}
Event: 375.094 GC heap before
{Heap before GC invocations=336 (full 185):
 PSYoungGen      total 53248K, used 38912K [0x00000000f5580000, 0x00000000f9a00000, 0x0000000100000000)
  eden space 38912K, 100% used [0x00000000f5580000,0x00000000f7b80000,0x00000000f7b80000)
  from space 14336K, 0% used [0x00000000f8a00000,0x00000000f8a00000,0x00000000f9800000)
  to   space 14848K, 0% used [0x00000000f7b80000,0x00000000f7b80000,0x00000000f8a00000)
 ParOldGen       total 349696K, used 349696K [0x00000000e0000000, 0x00000000f5580000, 0x00000000f5580000)
  object space 349696K, 100% used [0x00000000e0000000,0x00000000f5580000,0x00000000f5580000)
 Metaspace       used 62428K, committed 63680K, reserved 1114112K
  class space    used 6121K, committed 6592K, reserved 1048576K
}
Event: 376.517 GC heap after
{Heap after GC invocations=336 (full 185):
 PSYoungGen      total 53760K, used 38912K [0x00000000f5580000, 0x00000000f9a00000, 0x0000000100000000)
  eden space 38912K, 100% used [0x00000000f5580000,0x00000000f7b80000,0x00000000f7b80000)
  from space 14848K, 0% used [0x00000000f7b80000,0x00000000f7b80000,0x00000000f8a00000)
  to   space 14336K, 0% used [0x00000000f8a00000,0x00000000f8a00000,0x00000000f9800000)
 ParOldGen       total 349696K, used 349695K [0x00000000e0000000, 0x00000000f5580000, 0x00000000f5580000)
  object space 349696K, 99% used [0x00000000e0000000,0x00000000f557fde8,0x00000000f5580000)
 Metaspace       used 62428K, committed 63680K, reserved 1114112K
  class space    used 6121K, committed 6592K, reserved 1048576K
}
Event: 376.565 GC heap before
{Heap before GC invocations=337 (full 186):
 PSYoungGen      total 53760K, used 38912K [0x00000000f5580000, 0x00000000f9a00000, 0x0000000100000000)
  eden space 38912K, 100% used [0x00000000f5580000,0x00000000f7b80000,0x00000000f7b80000)
  from space 14848K, 0% used [0x00000000f7b80000,0x00000000f7b80000,0x00000000f8a00000)
  to   space 14336K, 0% used [0x00000000f8a00000,0x00000000f8a00000,0x00000000f9800000)
 ParOldGen       total 349696K, used 349695K [0x00000000e0000000, 0x00000000f5580000, 0x00000000f5580000)
  object space 349696K, 99% used [0x00000000e0000000,0x00000000f557ffa8,0x00000000f5580000)
 Metaspace       used 62428K, committed 63680K, reserved 1114112K
  class space    used 6121K, committed 6592K, reserved 1048576K
}
Event: 378.075 GC heap after
{Heap after GC invocations=337 (full 186):
 PSYoungGen      total 53248K, used 38912K [0x00000000f5580000, 0x00000000f9a00000, 0x0000000100000000)
  eden space 38912K, 100% used [0x00000000f5580000,0x00000000f7b80000,0x00000000f7b80000)
  from space 14336K, 0% used [0x00000000f8a00000,0x00000000f8a00000,0x00000000f9800000)
  to   space 14848K, 0% used [0x00000000f7b80000,0x00000000f7b80000,0x00000000f8a00000)
 ParOldGen       total 349696K, used 349695K [0x00000000e0000000, 0x00000000f5580000, 0x00000000f5580000)
  object space 349696K, 99% used [0x00000000e0000000,0x00000000f557fdc8,0x00000000f5580000)
 Metaspace       used 62428K, committed 63680K, reserved 1114112K
  class space    used 6121K, committed 6592K, reserved 1048576K
}
Event: 378.075 GC heap before
{Heap before GC invocations=338 (full 187):
 PSYoungGen      total 53248K, used 38912K [0x00000000f5580000, 0x00000000f9a00000, 0x0000000100000000)
  eden space 38912K, 100% used [0x00000000f5580000,0x00000000f7b80000,0x00000000f7b80000)
  from space 14336K, 0% used [0x00000000f8a00000,0x00000000f8a00000,0x00000000f9800000)
  to   space 14848K, 0% used [0x00000000f7b80000,0x00000000f7b80000,0x00000000f8a00000)
 ParOldGen       total 349696K, used 349695K [0x00000000e0000000, 0x00000000f5580000, 0x00000000f5580000)
  object space 349696K, 99% used [0x00000000e0000000,0x00000000f557fdc8,0x00000000f5580000)
 Metaspace       used 62428K, committed 63680K, reserved 1114112K
  class space    used 6121K, committed 6592K, reserved 1048576K
}
Event: 379.521 GC heap after
{Heap after GC invocations=338 (full 187):
 PSYoungGen      total 53760K, used 38912K [0x00000000f5580000, 0x00000000f9a00000, 0x0000000100000000)
  eden space 38912K, 100% used [0x00000000f5580000,0x00000000f7b80000,0x00000000f7b80000)
  from space 14848K, 0% used [0x00000000f7b80000,0x00000000f7b80000,0x00000000f8a00000)
  to   space 14336K, 0% used [0x00000000f8a00000,0x00000000f8a00000,0x00000000f9800000)
 ParOldGen       total 349696K, used 349695K [0x00000000e0000000, 0x00000000f5580000, 0x00000000f5580000)
  object space 349696K, 99% used [0x00000000e0000000,0x00000000f557fdc8,0x00000000f5580000)
 Metaspace       used 62428K, committed 63680K, reserved 1114112K
  class space    used 6121K, committed 6592K, reserved 1048576K
}

